TN:
SF:src/app.js
FNF:0
FNH:0
DA:1,1
DA:2,1
DA:4,1
DA:6,1
DA:8,1
DA:9,1
DA:11,1
DA:13,1
LF:8
LH:8
BRF:0
BRH:0
end_of_record
TN:
SF:src/controllers/product.controller.js
FN:3,(anonymous_0)
FN:7,(anonymous_1)
FN:8,(anonymous_2)
FN:19,(anonymous_3)
FN:34,(anonymous_4)
FN:36,(anonymous_5)
FN:52,(anonymous_6)
FN:54,(anonymous_7)
FNF:8
FNH:2
FNDA:1,(anonymous_0)
FNDA:0,(anonymous_1)
FNDA:0,(anonymous_2)
FNDA:1,(anonymous_3)
FNDA:0,(anonymous_4)
FNDA:0,(anonymous_5)
FNDA:0,(anonymous_6)
FNDA:0,(anonymous_7)
DA:1,1
DA:3,1
DA:4,1
DA:7,1
DA:8,0
DA:10,0
DA:11,0
DA:16,0
DA:19,1
DA:20,1
DA:22,1
DA:29,1
DA:31,1
DA:34,1
DA:35,0
DA:36,0
DA:39,0
DA:40,0
DA:45,0
DA:46,0
DA:47,0
DA:49,0
DA:52,1
DA:53,0
DA:54,0
DA:57,0
DA:58,0
DA:63,0
DA:65,0
LF:29
LH:11
BRDA:10,0,0,0
BRDA:10,0,1,0
BRDA:39,1,0,0
BRDA:39,1,1,0
BRDA:57,2,0,0
BRDA:57,2,1,0
BRF:6
BRH:0
end_of_record
TN:
SF:src/data/products.js
FNF:0
FNH:0
DA:1,1
DA:3,1
LF:2
LH:2
BRF:0
BRH:0
end_of_record
TN:
SF:src/routes/product.routes.js
FNF:0
FNH:0
DA:1,1
DA:3,1
DA:11,1
DA:13,1
DA:14,1
DA:15,1
DA:16,1
DA:17,1
DA:19,1
LF:9
LH:9
BRF:0
BRH:0
end_of_record
